<?xml version="1.0" encoding="UTF-8"?>
<!-- Generated by org.testng.reporters.JUnitReportReporter -->
<testsuite hostname="DESKTOP-DKAMDAI" failures="0" tests="5" name="tests.CommonTests" time="0.017" errors="0" timestamp="2022-05-10T23:08:17 IST" skipped="0">
  <testcase classname="tests.CommonTests" name="Test2" time="0.007"/>
  <system-out/>
  <testcase classname="tests.CommonTests" name="Test1" time="0.007"/>
  <system-out/>
  <testcase classname="tests.CommonTests" name="Test5" time="0.001"/>
  <system-out/>
  <testcase classname="tests.CommonTests" name="Test4" time="0.001"/>
  <system-out/>
  <testcase classname="tests.CommonTests" name="Test3" time="0.001"/>
  <system-out/>
</testsuite> <!-- tests.CommonTests -->
