<?xml version="1.0" encoding="UTF-8"?>
<!-- Generated by org.testng.reporters.JUnitReportReporter -->
<testsuite hostname="DESKTOP-DKAMDAI" failures="0" tests="6" name="tests.CommonTests" time="0.016" errors="0" timestamp="2022-05-14T14:32:24 IST" skipped="0">
  <testcase classname="tests.CommonTests" name="Test6" time="0.000"/>
  <system-out/>
  <testcase classname="tests.CommonTests" name="Test6" time="0.000"/>
  <system-out/>
  <testcase classname="tests.CommonTests" name="Test6" time="0.000"/>
  <system-out/>
  <testcase classname="tests.CommonTests" name="Test6" time="0.000"/>
  <system-out/>
  <testcase classname="tests.CommonTests" name="Test2" time="0.016"/>
  <system-out/>
  <testcase classname="tests.CommonTests" name="Test4" time="0.000"/>
  <system-out/>
</testsuite> <!-- tests.CommonTests -->
